<?xml version="1.0" encoding="UTF-8"?>
<!-- Generated by org.testng.reporters.JUnitReportReporter -->
<testsuite hostname="ASCINLAP60824" failures="0" tests="3" name="tests.LoginTest" time="73.886" errors="0" timestamp="2025-05-23T11:50:12 IST" skipped="0">
  <testcase classname="tests.LoginTest" name="loginWithInvalidCredentials" time="41.292"/>
  <system-out/>
  <testcase classname="tests.LoginTest" name="loginWithWrongUsername" time="14.484"/>
  <system-out/>
  <testcase classname="tests.LoginTest" name="loginWithValidCredentials" time="18.110"/>
  <system-out/>
</testsuite> <!-- tests.LoginTest -->
