<?xml version="1.0" encoding="UTF-8"?>
<!-- Generated by org.testng.reporters.JUnitReportReporter -->
<testsuite hostname="ASCINLAP60824" failures="0" tests="4" name="tests.ExtraFunctionalityTest" time="87.452" errors="0" timestamp="2025-05-23T11:50:12 IST" skipped="0">
  <testcase classname="tests.ExtraFunctionalityTest" name="testActionsExample" time="18.702"/>
  <system-out/>
  <testcase classname="tests.ExtraFunctionalityTest" name="testWindowExample" time="19.025"/>
  <system-out/>
  <testcase classname="tests.ExtraFunctionalityTest" name="testIframeExample" time="30.844"/>
  <system-out/>
  <testcase classname="tests.ExtraFunctionalityTest" name="testAlertExample" time="18.881"/>
  <system-out/>
</testsuite> <!-- tests.ExtraFunctionalityTest -->
