<?xml version="1.0" encoding="UTF-8"?>
<!-- Generated by org.testng.reporters.JUnitReportReporter -->
<testsuite hostname="ASCINLAP60824" failures="0" tests="2" name="tests.SearchTest" time="47.704" errors="0" timestamp="2025-05-23T11:50:12 IST" skipped="0">
  <testcase classname="tests.SearchTest" name="positiveSearchTest" time="20.811"/>
  <system-out/>
  <testcase classname="tests.SearchTest" name="negativeSearchTest" time="26.893"/>
  <system-out/>
</testsuite> <!-- tests.SearchTest -->
