<?xml version="1.0" encoding="UTF-8"?>
<!-- Generated by org.testng.reporters.JUnitReportReporter -->
<testsuite hostname="ASCINLAP60824" failures="0" tests="2" name="tests.FormSubmissionTest" time="42.194" errors="0" timestamp="2025-05-23T11:50:12 IST" skipped="0">
  <testcase classname="tests.FormSubmissionTest" name="validFormSubmissionTest" time="15.395"/>
  <system-out/>
  <testcase classname="tests.FormSubmissionTest" name="invalidFormSubmissionTest" time="26.799"/>
  <system-out/>
</testsuite> <!-- tests.FormSubmissionTest -->
